<?xml version="1.0" encoding="UTF-8"?>
<testsuite xmlns:xsi="http://www.w3.org/2001/XMLSchema-instance" xsi:noNamespaceSchemaLocation="https://maven.apache.org/surefire/maven-surefire-plugin/xsd/surefire-test-report.xsd" name="runners.testRunner" time="73.722" tests="24" errors="0" skipped="0" failures="0">
  <properties>
[...]
</properties>
  <testcase name="Given That I&apos;m in Ryanair site - search results for &quot;MAD&quot;-&quot;DUB&quot; flights on &quot;31&quot;/&quot;12&quot;/&quot;2019&quot;" classname="| Mr | mario | munoz | calle a | 28008 | madrid | Spain | 5555555555555557 | 1/2022 | 555 | mario munoz |" time="0.002"/>
  <testcase name="When I select the first flight in the list" classname="| Mr | mario | munoz | calle a | 28008 | madrid | Spain | 5555555555555557 | 1/2022 | 555 | mario munoz |" time="0"/>
  <testcase name="Then the standard fare option is displayed" classname="| Mr | mario | munoz | calle a | 28008 | madrid | Spain | 5555555555555557 | 1/2022 | 555 | mario munoz |" time="0"/>
  <testcase name="When I select the standard fare price" classname="| Mr | mario | munoz | calle a | 28008 | madrid | Spain | 5555555555555557 | 1/2022 | 555 | mario munoz |" time="0"/>
  <testcase name="Then The flight ticket is added to the basket" classname="| Mr | mario | munoz | calle a | 28008 | madrid | Spain | 5555555555555557 | 1/2022 | 555 | mario munoz |" time="0"/>
  <testcase name="When I click on Continue" classname="| Mr | mario | munoz | calle a | 28008 | madrid | Spain | 5555555555555557 | 1/2022 | 555 | mario munoz |" time="0.001"/>
  <testcase name="Then the choose allocation message is displayed" classname="| Mr | mario | munoz | calle a | 28008 | madrid | Spain | 5555555555555557 | 1/2022 | 555 | mario munoz |" time="0"/>
  <testcase name="When I click on random allocation button" classname="| Mr | mario | munoz | calle a | 28008 | madrid | Spain | 5555555555555557 | 1/2022 | 555 | mario munoz |" time="0"/>
  <testcase name="Then the seat selection dialog disappears" classname="| Mr | mario | munoz | calle a | 28008 | madrid | Spain | 5555555555555557 | 1/2022 | 555 | mario munoz |" time="0"/>
  <testcase name="And the cabin bag options are displayed" classname="| Mr | mario | munoz | calle a | 28008 | madrid | Spain | 5555555555555557 | 1/2022 | 555 | mario munoz |" time="0"/>
  <testcase name="When I select the small bag option" classname="| Mr | mario | munoz | calle a | 28008 | madrid | Spain | 5555555555555557 | 1/2022 | 555 | mario munoz |" time="0"/>
  <testcase name="Then the continue button is enabled" classname="| Mr | mario | munoz | calle a | 28008 | madrid | Spain | 5555555555555557 | 1/2022 | 555 | mario munoz |" time="0"/>
  <testcase name="When I click on Continue in priority boarding page" classname="| Mr | mario | munoz | calle a | 28008 | madrid | Spain | 5555555555555557 | 1/2022 | 555 | mario munoz |" time="0"/>
  <testcase name="Then The check out button is available" classname="| Mr | mario | munoz | calle a | 28008 | madrid | Spain | 5555555555555557 | 1/2022 | 555 | mario munoz |" time="0"/>
  <testcase name="When I click the check out button" classname="| Mr | mario | munoz | calle a | 28008 | madrid | Spain | 5555555555555557 | 1/2022 | 555 | mario munoz |" time="0"/>
  <testcase name="Then The sign up and log in buttons at payment page are displayed" classname="| Mr | mario | munoz | calle a | 28008 | madrid | Spain | 5555555555555557 | 1/2022 | 555 | mario munoz |" time="0"/>
  <testcase name="When I Log in from the payment page with email &quot;ryanair_automation_test@mailinator.com&quot; and password &quot;Ab123456&quot;" classname="| Mr | mario | munoz | calle a | 28008 | madrid | Spain | 5555555555555557 | 1/2022 | 555 | mario munoz |" time="0"/>
  <testcase name="Then The payment form is displayed" classname="| Mr | mario | munoz | calle a | 28008 | madrid | Spain | 5555555555555557 | 1/2022 | 555 | mario munoz |" time="0"/>
  <testcase name="Given I am at payment page" classname="| Mr | mario | munoz | calle a | 28008 | madrid | Spain | 5555555555555557 | 1/2022 | 555 | mario munoz |" time="0"/>
  <testcase name="When I fill the customer data form with &quot;Mr&quot;, &quot;mario&quot;, &quot;munoz&quot;, &quot;calle a&quot;, &quot;28008&quot;, &quot;madrid&quot; and &quot;Spain&quot;" classname="| Mr | mario | munoz | calle a | 28008 | madrid | Spain | 5555555555555557 | 1/2022 | 555 | mario munoz |" time="0"/>
  <testcase name="And I fill the payment form with &quot;5555555555555557&quot;, &quot;1/2022&quot;, &quot;555&quot; and &quot;mario munoz&quot;" classname="| Mr | mario | munoz | calle a | 28008 | madrid | Spain | 5555555555555557 | 1/2022 | 555 | mario munoz |" time="0"/>
  <testcase name="And I accept the terms and click on pay" classname="| Mr | mario | munoz | calle a | 28008 | madrid | Spain | 5555555555555557 | 1/2022 | 555 | mario munoz |" time="0"/>
  <testcase name="Then An error message is displayed with the following text: &quot;As your payment was not authorised we could not complete your reservation. Please ensure that the information was correct or use a new payment to try again&quot;" classname="| Mr | mario | munoz | calle a | 28008 | madrid | Spain | 5555555555555557 | 1/2022 | 555 | mario munoz |" time="0"/>
  <testcase name="| Mr | mario | munoz | calle a | 28008 | madrid | Spain | 5555555555555557 | 1/2022 | 555 | mario munoz |" classname="| Mr | mario | munoz | calle a | 28008 | madrid | Spain | 5555555555555557 | 1/2022 | 555 | mario munoz |" time="2.942"/>
</testsuite>